Using pre-set license
Built from '2020.2/release' branch; Version is '2020.2.2f1 (068178b99f32) revision 426360'; Using compiler version '192528614'; Build Type 'Release'
OS: 'Windows 10 Home; OS build 19042.867; Version 2009; 64bit' Language: 'fr' Physical Memory: 8120 MB
BatchMode: 1, IsHumanControllingUs: 0, StartBugReporterOnCrash: 0, Is64bit: 1, IsPro: 0

 COMMAND LINE ARGUMENTS:
D:\Unity\2020.2.2f1\Editor\Unity.exe
-adb2
-batchMode
-noUpm
-name
AssetImportWorker0
-projectPath
D:/Github/Games/MEGATape
-logFile
Logs/AssetImportWorker0.log
-srvPort
62982
Successfully changed project path to: D:/Github/Games/MEGATape
D:/Github/Games/MEGATape
Using Asset Import Pipeline V2.
Refreshing native plugins compatible for Editor in 23.48 ms, found 0 plugins.
Preloading 0 native plugins for Editor in 0.00 ms.
Initialize engine version: 2020.2.2f1 (068178b99f32)
[Subsystems] Discovering subsystems at path D:/Unity/2020.2.2f1/Editor/Data/Resources/UnitySubsystems
[Subsystems] Discovering subsystems at path D:/Github/Games/MEGATape/Assets
GfxDevice: creating device client; threaded=0
Direct3D:
    Version:  Direct3D 11.0 [level 11.0]
    Renderer: NVIDIA GeForce GTX 650 (ID=0xfc6)
    Vendor:   
    VRAM:     984 MB
    Driver:   27.21.14.5671
Initialize mono
Mono path[0] = 'D:/Unity/2020.2.2f1/Editor/Data/Managed'
Mono path[1] = 'D:/Unity/2020.2.2f1/Editor/Data/MonoBleedingEdge/lib/mono/unityjit'
Mono config path = 'D:/Unity/2020.2.2f1/Editor/Data/MonoBleedingEdge/etc'
Using monoOptions --debugger-agent=transport=dt_socket,embedding=1,server=y,suspend=n,address=127.0.0.1:56108
Begin MonoManager ReloadAssembly
Registering precompiled unity dll's ...
Register platform support module: D:/Unity/2020.2.2f1/Editor/Data/PlaybackEngines/WindowsStandaloneSupport/UnityEditor.WindowsStandalone.Extensions.dll
Registered in 0.000995 seconds.
Native extension for WindowsStandalone target not found
Refreshing native plugins compatible for Editor in 25.55 ms, found 0 plugins.
Preloading 0 native plugins for Editor in 0.00 ms.
Invoked RoslynAnalysisRunner static constructor.
RoslynAnalysisRunner will not be running.
RoslynAnalysisRunner has terminated.
Mono: successfully reloaded assembly
- Completed reload, in  0.973 seconds
Platform modules already initialized, skipping
Registering precompiled user dll's ...
Registered in 0.000531 seconds.
Begin MonoManager ReloadAssembly
Native extension for WindowsStandalone target not found
Refreshing native plugins compatible for Editor in 0.25 ms, found 0 plugins.
Preloading 0 native plugins for Editor in 0.00 ms.
Invoked RoslynAnalysisRunner static constructor.
RoslynAnalysisRunner will not be running.
RoslynAnalysisRunner has terminated.
Mono: successfully reloaded assembly
- Completed reload, in  0.826 seconds
Platform modules already initialized, skipping
========================================================================
Worker process is ready to serve import requests
Launched and connected shader compiler UnityShaderCompiler.exe after 0.04 seconds
Refreshing native plugins compatible for Editor in 0.25 ms, found 0 plugins.
Preloading 0 native plugins for Editor in 0.00 ms.
Unloading 1099 Unused Serialized files (Serialized files now loaded: 0)
System memory in use before: 56.5 MB.
System memory in use after: 56.5 MB.

Unloading 10 unused Assets to reduce memory usage. Loaded Objects now: 1540.
Total: 2.894100 ms (FindLiveObjects: 0.144500 ms CreateObjectMapping: 0.050100 ms MarkObjects: 2.399200 ms  DeleteObjects: 0.299000 ms)

========================================================================
Received Import Request.
  path: Assets
  artifactKey: Guid(00000000000000001000000000000000) Importer(815301076,1909f56bfc062723c751e8b465ee728b)
Start importing Assets using Guid(00000000000000001000000000000000) Importer(815301076,1909f56bfc062723c751e8b465ee728b)  -> (artifact id: '4a6e520b92ccfc61bcfa21a7bcab8468') in 0.009626 seconds
  Import took 0.011897 seconds .

========================================================================
Received Import Request.
  Time since last request: 3.082166 seconds.
  path: Assets/Scripts
  artifactKey: Guid(da56b00490a95aa4a891c0fff7517ed1) Importer(815301076,1909f56bfc062723c751e8b465ee728b)
Start importing Assets/Scripts using Guid(da56b00490a95aa4a891c0fff7517ed1) Importer(815301076,1909f56bfc062723c751e8b465ee728b)  -> (artifact id: '3e7bb749fdb6e2d289bd1c2f0955af7f') in 0.013352 seconds
  Import took 0.016094 seconds .

========================================================================
Received Import Request.
  Time since last request: 7.939480 seconds.
  path: Assets/Scripts/Player1.cs
  artifactKey: Guid(f39c46ec657111c428e0747e3940d573) Importer(815301076,1909f56bfc062723c751e8b465ee728b)
Start importing Assets/Scripts/Player1.cs using Guid(f39c46ec657111c428e0747e3940d573) Importer(815301076,1909f56bfc062723c751e8b465ee728b)  -> (artifact id: 'b05d8d1cce2f9ef5ed21cd9171397e70') in 0.050614 seconds
  Import took 0.052838 seconds .

========================================================================
Received Prepare
Registering precompiled user dll's ...
Registered in 0.000722 seconds.
Begin MonoManager ReloadAssembly
Native extension for WindowsStandalone target not found
Refreshing native plugins compatible for Editor in 0.26 ms, found 0 plugins.
Preloading 0 native plugins for Editor in 0.00 ms.
Invoked RoslynAnalysisRunner static constructor.
RoslynAnalysisRunner will not be running.
RoslynAnalysisRunner has terminated.
Mono: successfully reloaded assembly
- Completed reload, in  0.852 seconds
Platform modules already initialized, skipping
Refreshing native plugins compatible for Editor in 0.26 ms, found 0 plugins.
Preloading 0 native plugins for Editor in 0.00 ms.
Unloading 1095 Unused Serialized files (Serialized files now loaded: 0)
System memory in use before: 56.5 MB.
System memory in use after: 56.6 MB.

Unloading 5 unused Assets to reduce memory usage. Loaded Objects now: 1543.
Total: 2.262000 ms (FindLiveObjects: 0.171900 ms CreateObjectMapping: 0.074300 ms MarkObjects: 1.951900 ms  DeleteObjects: 0.061900 ms)

========================================================================
Received Prepare
Registering precompiled user dll's ...
Registered in 0.000878 seconds.
Begin MonoManager ReloadAssembly
Native extension for WindowsStandalone target not found
Refreshing native plugins compatible for Editor in 0.23 ms, found 0 plugins.
Preloading 0 native plugins for Editor in 0.00 ms.
Invoked RoslynAnalysisRunner static constructor.
RoslynAnalysisRunner will not be running.
RoslynAnalysisRunner has terminated.
Mono: successfully reloaded assembly
- Completed reload, in  0.877 seconds
Platform modules already initialized, skipping
Refreshing native plugins compatible for Editor in 0.23 ms, found 0 plugins.
Preloading 0 native plugins for Editor in 0.00 ms.
Unloading 1095 Unused Serialized files (Serialized files now loaded: 0)
System memory in use before: 56.6 MB.
System memory in use after: 56.7 MB.

Unloading 5 unused Assets to reduce memory usage. Loaded Objects now: 1545.
Total: 2.661300 ms (FindLiveObjects: 0.187900 ms CreateObjectMapping: 0.081500 ms MarkObjects: 2.295300 ms  DeleteObjects: 0.095100 ms)

========================================================================
Received Import Request.
  Time since last request: 13028.235883 seconds.
  path: Assets/Scripts/Player1.cs
  artifactKey: Guid(f39c46ec657111c428e0747e3940d573) Importer(815301076,1909f56bfc062723c751e8b465ee728b)
Start importing Assets/Scripts/Player1.cs using Guid(f39c46ec657111c428e0747e3940d573) Importer(815301076,1909f56bfc062723c751e8b465ee728b)  -> (artifact id: 'f6116b594e988805c3939abcb6e3c126') in 0.006817 seconds
  Import took 0.017524 seconds .

========================================================================
Received Import Request.
  Time since last request: 78.921272 seconds.
  path: Assets/New Terrain.asset
  artifactKey: Guid(5fc1a93abba308546927c45a3825b2b6) Importer(815301076,1909f56bfc062723c751e8b465ee728b)
Start importing Assets/New Terrain.asset using Guid(5fc1a93abba308546927c45a3825b2b6) Importer(815301076,1909f56bfc062723c751e8b465ee728b)  -> (artifact id: '62b7b7297e32eba23aaa46ecd5b7758a') in 0.034051 seconds
  Import took 0.037377 seconds .

========================================================================
Received Import Request.
  Time since last request: 0.000220 seconds.
  path: Assets/Tree.prefab
  artifactKey: Guid(c5ff1957e48e37b43b3ca0425e36c6ac) Importer(815301076,1909f56bfc062723c751e8b465ee728b)
Start importing Assets/Tree.prefab using Guid(c5ff1957e48e37b43b3ca0425e36c6ac) Importer(815301076,1909f56bfc062723c751e8b465ee728b)  -> (artifact id: 'f23bd10e13abd795f7d3cfd39f86750f') in 0.355913 seconds
  Import took 0.358584 seconds .

========================================================================
Received Import Request.
  Time since last request: 6.571048 seconds.
  path: Assets/Tree_Textures
  artifactKey: Guid(f6376e37cddbc764c990b0d61c90d2c9) Importer(815301076,1909f56bfc062723c751e8b465ee728b)
Start importing Assets/Tree_Textures using Guid(f6376e37cddbc764c990b0d61c90d2c9) Importer(815301076,1909f56bfc062723c751e8b465ee728b)  -> (artifact id: '63f014e62e6f28773b558d9403ead130') in 0.013156 seconds
  Import took 0.015514 seconds .

========================================================================
Received Import Request.
  Time since last request: 6.523536 seconds.
  path: Assets/Prefabs
  artifactKey: Guid(fb0e58c8b6a1bfd4e80babac85e00e01) Importer(815301076,1909f56bfc062723c751e8b465ee728b)
Start importing Assets/Prefabs using Guid(fb0e58c8b6a1bfd4e80babac85e00e01) Importer(815301076,1909f56bfc062723c751e8b465ee728b)  -> (artifact id: '4930b144aa91733903efe53de680e0e2') in 0.011733 seconds
  Import took 0.014224 seconds .

========================================================================
Received Import Request.
  Time since last request: 11.354355 seconds.
  path: Assets/Prefabs/Floor.prefab
  artifactKey: Guid(ebe09f24c4ddba847914d064361ea572) Importer(815301076,1909f56bfc062723c751e8b465ee728b)
Start importing Assets/Prefabs/Floor.prefab using Guid(ebe09f24c4ddba847914d064361ea572) Importer(815301076,1909f56bfc062723c751e8b465ee728b)  -> (artifact id: '1cd43a5f94bc6e94e3780e3135f41c48') in 0.042423 seconds
  Import took 0.045261 seconds .

========================================================================
Received Import Request.
  Time since last request: 0.001206 seconds.
  path: Assets/Prefabs/Floor.prefab
  artifactKey: Guid(ebe09f24c4ddba847914d064361ea572) Importer(815301076,1909f56bfc062723c751e8b465ee728b)
Start importing Assets/Prefabs/Floor.prefab using Guid(ebe09f24c4ddba847914d064361ea572) Importer(815301076,1909f56bfc062723c751e8b465ee728b)  -> (artifact id: '1cd43a5f94bc6e94e3780e3135f41c48') in 0.013684 seconds
  Import took 0.016309 seconds .

========================================================================
Received Import Request.
  Time since last request: 15.747721 seconds.
  path: Assets/Material
  artifactKey: Guid(eac598e8a02329d4dbf3a67ae0f6f5c1) Importer(815301076,1909f56bfc062723c751e8b465ee728b)
Start importing Assets/Material using Guid(eac598e8a02329d4dbf3a67ae0f6f5c1) Importer(815301076,1909f56bfc062723c751e8b465ee728b)  -> (artifact id: '5d6c20895915605627dc450ff36b2bea') in 0.011902 seconds
  Import took 0.014838 seconds .

========================================================================
Received Import Request.
  Time since last request: 11.643245 seconds.
  path: Assets/Material/New Material.mat
  artifactKey: Guid(5bce1d13adb796b44b3c9a83f13b558b) Importer(815301076,1909f56bfc062723c751e8b465ee728b)
Start importing Assets/Material/New Material.mat using Guid(5bce1d13adb796b44b3c9a83f13b558b) Importer(815301076,1909f56bfc062723c751e8b465ee728b)  -> (artifact id: 'fafc9ffeb968cb616e4f7578a2366e88') in 0.025467 seconds
  Import took 0.039003 seconds .

========================================================================
Received Import Request.
  Time since last request: 292.273539 seconds.
  path: Assets/Prefabs/Floor.prefab
  artifactKey: Guid(ebe09f24c4ddba847914d064361ea572) Importer(815301076,1909f56bfc062723c751e8b465ee728b)
Start importing Assets/Prefabs/Floor.prefab using Guid(ebe09f24c4ddba847914d064361ea572) Importer(815301076,1909f56bfc062723c751e8b465ee728b)  -> (artifact id: '2d3d2fa33a02ce29678043fc99481989') in 0.039838 seconds
  Import took 0.043076 seconds .

========================================================================
Received Import Request.
  Time since last request: 0.003010 seconds.
  path: Assets/Prefabs/Floor.prefab
  artifactKey: Guid(ebe09f24c4ddba847914d064361ea572) Importer(815301076,1909f56bfc062723c751e8b465ee728b)
Start importing Assets/Prefabs/Floor.prefab using Guid(ebe09f24c4ddba847914d064361ea572) Importer(815301076,1909f56bfc062723c751e8b465ee728b)  -> (artifact id: '2d3d2fa33a02ce29678043fc99481989') in 0.014104 seconds
  Import took 0.017021 seconds .

========================================================================
Received Import Request.
  Time since last request: 70.443567 seconds.
  path: Assets/Material/Grass.mat
  artifactKey: Guid(6eec556d132782a4bb1c32207cefcc7b) Importer(815301076,1909f56bfc062723c751e8b465ee728b)
Start importing Assets/Material/Grass.mat using Guid(6eec556d132782a4bb1c32207cefcc7b) Importer(815301076,1909f56bfc062723c751e8b465ee728b)  -> (artifact id: '248ddbd7b0a55296d6c181a87e262a28') in 0.019501 seconds
  Import took 0.038628 seconds .

========================================================================
Received Prepare
Registering precompiled user dll's ...
Registered in 0.000677 seconds.
Begin MonoManager ReloadAssembly
Native extension for WindowsStandalone target not found
Refreshing native plugins compatible for Editor in 0.26 ms, found 0 plugins.
Preloading 0 native plugins for Editor in 0.00 ms.
Invoked RoslynAnalysisRunner static constructor.
RoslynAnalysisRunner will not be running.
RoslynAnalysisRunner has terminated.
Mono: successfully reloaded assembly
- Completed reload, in  1.313 seconds
Platform modules already initialized, skipping
Refreshing native plugins compatible for Editor in 0.27 ms, found 0 plugins.
Preloading 0 native plugins for Editor in 0.00 ms.
Unloading 1095 Unused Serialized files (Serialized files now loaded: 0)
System memory in use before: 61.6 MB.
System memory in use after: 61.1 MB.

Unloading 8 unused Assets to reduce memory usage. Loaded Objects now: 1596.
Total: 2.806500 ms (FindLiveObjects: 0.167800 ms CreateObjectMapping: 0.077200 ms MarkObjects: 2.087400 ms  DeleteObjects: 0.472700 ms)

========================================================================
Received Import Request.
  Time since last request: 152.391296 seconds.
  path: Assets/Prefabs/Floor.prefab
  artifactKey: Guid(ebe09f24c4ddba847914d064361ea572) Importer(815301076,1909f56bfc062723c751e8b465ee728b)
Start importing Assets/Prefabs/Floor.prefab using Guid(ebe09f24c4ddba847914d064361ea572) Importer(815301076,1909f56bfc062723c751e8b465ee728b)  -> (artifact id: '7d9d640dcf45b98714c7861902686001') in 0.084369 seconds
  Import took 0.086917 seconds .

========================================================================
Received Import Request.
  Time since last request: 36.028212 seconds.
  path: Assets/Prefabs/Floor.prefab
  artifactKey: Guid(ebe09f24c4ddba847914d064361ea572) Importer(815301076,1909f56bfc062723c751e8b465ee728b)
Start importing Assets/Prefabs/Floor.prefab using Guid(ebe09f24c4ddba847914d064361ea572) Importer(815301076,1909f56bfc062723c751e8b465ee728b)  -> (artifact id: '1e014fd2721de85b2f048d8cdcbc8d9e') in 0.015869 seconds
  Import took 0.019045 seconds .

========================================================================
Received Prepare
Registering precompiled user dll's ...
Registered in 0.000497 seconds.
Begin MonoManager ReloadAssembly
Native extension for WindowsStandalone target not found
Refreshing native plugins compatible for Editor in 0.26 ms, found 0 plugins.
Preloading 0 native plugins for Editor in 0.00 ms.
Invoked RoslynAnalysisRunner static constructor.
RoslynAnalysisRunner will not be running.
RoslynAnalysisRunner has terminated.
Mono: successfully reloaded assembly
- Completed reload, in  0.816 seconds
Platform modules already initialized, skipping
Refreshing native plugins compatible for Editor in 0.24 ms, found 0 plugins.
Preloading 0 native plugins for Editor in 0.00 ms.
Unloading 1095 Unused Serialized files (Serialized files now loaded: 0)
System memory in use before: 61.2 MB.
System memory in use after: 61.3 MB.

Unloading 5 unused Assets to reduce memory usage. Loaded Objects now: 1599.
Total: 2.179600 ms (FindLiveObjects: 0.166400 ms CreateObjectMapping: 0.065000 ms MarkObjects: 1.861400 ms  DeleteObjects: 0.086100 ms)

========================================================================
Received Import Request.
  Time since last request: 1373.639874 seconds.
  path: ProjectSettings/TagManager.asset
  artifactKey: Guid(00000000000000003000000000000000) Importer(815301076,1909f56bfc062723c751e8b465ee728b)
Start importing ProjectSettings/TagManager.asset using Guid(00000000000000003000000000000000) Importer(815301076,1909f56bfc062723c751e8b465ee728b)  -> (artifact id: '1efec719c81060231ab49e0da4b313b9') in 0.022909 seconds
  Import took 0.035709 seconds .

========================================================================
Received Prepare
Registering precompiled user dll's ...
Registered in 0.000535 seconds.
Begin MonoManager ReloadAssembly
Native extension for WindowsStandalone target not found
Refreshing native plugins compatible for Editor in 0.23 ms, found 0 plugins.
Preloading 0 native plugins for Editor in 0.00 ms.
Invoked RoslynAnalysisRunner static constructor.
RoslynAnalysisRunner will not be running.
RoslynAnalysisRunner has terminated.
Mono: successfully reloaded assembly
- Completed reload, in  0.807 seconds
Platform modules already initialized, skipping
Refreshing native plugins compatible for Editor in 0.23 ms, found 0 plugins.
Preloading 0 native plugins for Editor in 0.00 ms.
Unloading 1095 Unused Serialized files (Serialized files now loaded: 0)
System memory in use before: 61.3 MB.
System memory in use after: 61.4 MB.

Unloading 6 unused Assets to reduce memory usage. Loaded Objects now: 1601.
Total: 2.148300 ms (FindLiveObjects: 0.170200 ms CreateObjectMapping: 0.068200 ms MarkObjects: 1.815100 ms  DeleteObjects: 0.093600 ms)

========================================================================
Received Prepare
Registering precompiled user dll's ...
Registered in 0.000524 seconds.
Begin MonoManager ReloadAssembly
Native extension for WindowsStandalone target not found
Refreshing native plugins compatible for Editor in 0.23 ms, found 0 plugins.
Preloading 0 native plugins for Editor in 0.00 ms.
Invoked RoslynAnalysisRunner static constructor.
RoslynAnalysisRunner will not be running.
RoslynAnalysisRunner has terminated.
Mono: successfully reloaded assembly
- Completed reload, in  0.807 seconds
Platform modules already initialized, skipping
Refreshing native plugins compatible for Editor in 0.25 ms, found 0 plugins.
Preloading 0 native plugins for Editor in 0.00 ms.
Unloading 1095 Unused Serialized files (Serialized files now loaded: 0)
System memory in use before: 61.5 MB.
System memory in use after: 61.5 MB.

Unloading 5 unused Assets to reduce memory usage. Loaded Objects now: 1603.
Total: 1.696000 ms (FindLiveObjects: 0.136700 ms CreateObjectMapping: 0.040500 ms MarkObjects: 1.431100 ms  DeleteObjects: 0.087000 ms)

========================================================================
Received Prepare
Registering precompiled user dll's ...
Registered in 0.000552 seconds.
Begin MonoManager ReloadAssembly
Native extension for WindowsStandalone target not found
Refreshing native plugins compatible for Editor in 0.24 ms, found 0 plugins.
Preloading 0 native plugins for Editor in 0.00 ms.
Invoked RoslynAnalysisRunner static constructor.
RoslynAnalysisRunner will not be running.
RoslynAnalysisRunner has terminated.
Mono: successfully reloaded assembly
- Completed reload, in  0.826 seconds
Platform modules already initialized, skipping
Refreshing native plugins compatible for Editor in 0.23 ms, found 0 plugins.
Preloading 0 native plugins for Editor in 0.00 ms.
Unloading 1095 Unused Serialized files (Serialized files now loaded: 0)
System memory in use before: 61.6 MB.
System memory in use after: 61.7 MB.

Unloading 5 unused Assets to reduce memory usage. Loaded Objects now: 1605.
Total: 2.240100 ms (FindLiveObjects: 0.168900 ms CreateObjectMapping: 0.071200 ms MarkObjects: 1.908400 ms  DeleteObjects: 0.090700 ms)

========================================================================
Received Prepare
Registering precompiled user dll's ...
Registered in 0.000826 seconds.
Begin MonoManager ReloadAssembly
Native extension for WindowsStandalone target not found
Refreshing native plugins compatible for Editor in 0.24 ms, found 0 plugins.
Preloading 0 native plugins for Editor in 0.00 ms.
Invoked RoslynAnalysisRunner static constructor.
RoslynAnalysisRunner will not be running.
RoslynAnalysisRunner has terminated.
Mono: successfully reloaded assembly
- Completed reload, in  0.803 seconds
Platform modules already initialized, skipping
Refreshing native plugins compatible for Editor in 0.24 ms, found 0 plugins.
Preloading 0 native plugins for Editor in 0.00 ms.
Unloading 1095 Unused Serialized files (Serialized files now loaded: 0)
System memory in use before: 61.7 MB.
System memory in use after: 61.8 MB.

Unloading 5 unused Assets to reduce memory usage. Loaded Objects now: 1607.
Total: 2.139500 ms (FindLiveObjects: 0.221400 ms CreateObjectMapping: 0.093600 ms MarkObjects: 1.761900 ms  DeleteObjects: 0.061500 ms)

========================================================================
Received Prepare
Registering precompiled user dll's ...
Registered in 0.000523 seconds.
Begin MonoManager ReloadAssembly
Native extension for WindowsStandalone target not found
Refreshing native plugins compatible for Editor in 0.23 ms, found 0 plugins.
Preloading 0 native plugins for Editor in 0.00 ms.
Invoked RoslynAnalysisRunner static constructor.
RoslynAnalysisRunner will not be running.
RoslynAnalysisRunner has terminated.
Mono: successfully reloaded assembly
- Completed reload, in  0.818 seconds
Platform modules already initialized, skipping
Refreshing native plugins compatible for Editor in 0.23 ms, found 0 plugins.
Preloading 0 native plugins for Editor in 0.00 ms.
Unloading 1095 Unused Serialized files (Serialized files now loaded: 0)
System memory in use before: 61.7 MB.
System memory in use after: 61.8 MB.

Unloading 5 unused Assets to reduce memory usage. Loaded Objects now: 1609.
Total: 1.805800 ms (FindLiveObjects: 0.173000 ms CreateObjectMapping: 0.068400 ms MarkObjects: 1.497300 ms  DeleteObjects: 0.066400 ms)

========================================================================
Received Prepare
Registering precompiled user dll's ...
Registered in 0.000712 seconds.
Begin MonoManager ReloadAssembly
Native extension for WindowsStandalone target not found
Refreshing native plugins compatible for Editor in 0.26 ms, found 0 plugins.
Preloading 0 native plugins for Editor in 0.00 ms.
Invoked RoslynAnalysisRunner static constructor.
RoslynAnalysisRunner will not be running.
RoslynAnalysisRunner has terminated.
Mono: successfully reloaded assembly
- Completed reload, in  0.921 seconds
Platform modules already initialized, skipping
Refreshing native plugins compatible for Editor in 0.23 ms, found 0 plugins.
Preloading 0 native plugins for Editor in 0.00 ms.
Unloading 1095 Unused Serialized files (Serialized files now loaded: 0)
System memory in use before: 62.0 MB.
System memory in use after: 62.0 MB.

Unloading 5 unused Assets to reduce memory usage. Loaded Objects now: 1611.
Total: 1.703000 ms (FindLiveObjects: 0.152100 ms CreateObjectMapping: 0.045200 ms MarkObjects: 1.439700 ms  DeleteObjects: 0.064800 ms)

========================================================================
Received Prepare
Registering precompiled user dll's ...
Registered in 0.000530 seconds.
Begin MonoManager ReloadAssembly
Native extension for WindowsStandalone target not found
Refreshing native plugins compatible for Editor in 0.28 ms, found 0 plugins.
Preloading 0 native plugins for Editor in 0.00 ms.
Invoked RoslynAnalysisRunner static constructor.
RoslynAnalysisRunner will not be running.
RoslynAnalysisRunner has terminated.
Mono: successfully reloaded assembly
- Completed reload, in  0.838 seconds
Platform modules already initialized, skipping
Refreshing native plugins compatible for Editor in 0.25 ms, found 0 plugins.
Preloading 0 native plugins for Editor in 0.00 ms.
Unloading 1095 Unused Serialized files (Serialized files now loaded: 0)
System memory in use before: 62.1 MB.
System memory in use after: 62.2 MB.

Unloading 5 unused Assets to reduce memory usage. Loaded Objects now: 1613.
Total: 2.768500 ms (FindLiveObjects: 0.227400 ms CreateObjectMapping: 0.105400 ms MarkObjects: 2.339000 ms  DeleteObjects: 0.094700 ms)

========================================================================
Received Prepare
Registering precompiled user dll's ...
Registered in 0.000495 seconds.
Begin MonoManager ReloadAssembly
Native extension for WindowsStandalone target not found
Refreshing native plugins compatible for Editor in 0.23 ms, found 0 plugins.
Preloading 0 native plugins for Editor in 0.00 ms.
Invoked RoslynAnalysisRunner static constructor.
RoslynAnalysisRunner will not be running.
RoslynAnalysisRunner has terminated.
Mono: successfully reloaded assembly
- Completed reload, in  0.738 seconds
Platform modules already initialized, skipping
Refreshing native plugins compatible for Editor in 0.23 ms, found 0 plugins.
Preloading 0 native plugins for Editor in 0.00 ms.
Unloading 1095 Unused Serialized files (Serialized files now loaded: 0)
System memory in use before: 62.2 MB.
System memory in use after: 62.3 MB.

Unloading 5 unused Assets to reduce memory usage. Loaded Objects now: 1615.
Total: 2.073100 ms (FindLiveObjects: 0.176600 ms CreateObjectMapping: 0.080000 ms MarkObjects: 1.747600 ms  DeleteObjects: 0.068000 ms)

========================================================================
Received Prepare
Registering precompiled user dll's ...
Registered in 0.000544 seconds.
Begin MonoManager ReloadAssembly
Native extension for WindowsStandalone target not found
Refreshing native plugins compatible for Editor in 0.25 ms, found 0 plugins.
Preloading 0 native plugins for Editor in 0.00 ms.
Invoked RoslynAnalysisRunner static constructor.
RoslynAnalysisRunner will not be running.
RoslynAnalysisRunner has terminated.
Mono: successfully reloaded assembly
- Completed reload, in  0.798 seconds
Platform modules already initialized, skipping
Refreshing native plugins compatible for Editor in 0.24 ms, found 0 plugins.
Preloading 0 native plugins for Editor in 0.00 ms.
Unloading 1095 Unused Serialized files (Serialized files now loaded: 0)
System memory in use before: 62.4 MB.
System memory in use after: 62.4 MB.

Unloading 5 unused Assets to reduce memory usage. Loaded Objects now: 1617.
Total: 1.990000 ms (FindLiveObjects: 0.168900 ms CreateObjectMapping: 0.072000 ms MarkObjects: 1.685600 ms  DeleteObjects: 0.062500 ms)

========================================================================
Received Prepare
Registering precompiled user dll's ...
Registered in 0.000488 seconds.
Begin MonoManager ReloadAssembly
Native extension for WindowsStandalone target not found
Refreshing native plugins compatible for Editor in 0.25 ms, found 0 plugins.
Preloading 0 native plugins for Editor in 0.00 ms.
Invoked RoslynAnalysisRunner static constructor.
RoslynAnalysisRunner will not be running.
RoslynAnalysisRunner has terminated.
Mono: successfully reloaded assembly
- Completed reload, in  0.822 seconds
Platform modules already initialized, skipping
Refreshing native plugins compatible for Editor in 0.23 ms, found 0 plugins.
Preloading 0 native plugins for Editor in 0.00 ms.
Unloading 1095 Unused Serialized files (Serialized files now loaded: 0)
System memory in use before: 62.5 MB.
System memory in use after: 62.6 MB.

Unloading 5 unused Assets to reduce memory usage. Loaded Objects now: 1619.
Total: 2.117000 ms (FindLiveObjects: 0.188900 ms CreateObjectMapping: 0.084300 ms MarkObjects: 1.752800 ms  DeleteObjects: 0.090300 ms)

AssetImportWorkerClient::OnTransportError - code=2 error=End of file
